<?xml version="1.0" encoding="UTF-8"?>
<testsuite xmlns:xsi="http://www.w3.org/2001/XMLSchema-instance" xsi:noNamespaceSchemaLocation="https://maven.apache.org/surefire/maven-surefire-plugin/xsd/surefire-test-report-3.0.xsd" version="3.0" name="TestSuite" time="5.203" tests="4" errors="0" skipped="0" failures="0">
  <properties>
[...]
</properties>
  <testcase name="createBlob" classname="JSONBlobTest.JsonBlob" time="1.679"/>
  <testcase name="getBlob" classname="JSONBlobTest.JsonBlob" time="1"/>
  <testcase name="updateBlob" classname="JSONBlobTest.JsonBlob" time="0.621"/>
  <testcase name="deleteBlob" classname="JSONBlobTest.JsonBlob" time="1.598"/>
</testsuite>